{"total": {"lines":{"total":78,"covered":64,"skipped":0,"pct":82.05},"statements":{"total":79,"covered":64,"skipped":0,"pct":81.01},"functions":{"total":12,"covered":11,"skipped":0,"pct":91.66},"branches":{"total":46,"covered":25,"skipped":0,"pct":54.34},"branchesTrue":{"total":0,"covered":0,"skipped":0,"pct":"Unknown"}}
,"/Users/shubhamkashyap/Downloads/AI Resume + Interview Coach/index.js": {"lines":{"total":78,"covered":64,"skipped":0,"pct":82.05},"functions":{"total":12,"covered":11,"skipped":0,"pct":91.66},"statements":{"total":79,"covered":64,"skipped":0,"pct":81.01},"branches":{"total":46,"covered":25,"skipped":0,"pct":54.34}}
}
